<?xml version="1.0" encoding="UTF-8" ?>
<testsuite tests="5" failures="0" name="com.example.FelineTest" time="0" errors="0" skipped="0">
  <properties>
[...]
</properties>
  <testcase classname="com.example.FelineTest" name="eatMeatTestNone" time="0"/>
  <testcase classname="com.example.FelineTest" name="eatMeatTestHerbivorous" time="0"/>
  <testcase classname="com.example.FelineTest" name="eatMeatTestPredator" time="0"/>
  <testcase classname="com.example.FelineTest" name="getFamilyTest" time="0"/>
  <testcase classname="com.example.FelineTest" name="getKittensTest" time="0"/>
</testsuite>